<?xml version="1.0" encoding="UTF-8"?>
<!-- Generated by org.testng.reporters.JUnitReportReporter -->
<testsuite skipped="0" hostname="Umair" name="com.mystore.testcases.EndToEndTest" tests="1" failures="0" timestamp="2021-12-27T21:28:06 PKT" time="120.136" errors="0">
  <testcase name="endToEndTest" time="120.136" classname="com.mystore.testcases.EndToEndTest"/>
  <system-out/>
</testsuite> <!-- com.mystore.testcases.EndToEndTest -->
