<?xml version="1.0" encoding="UTF-8"?>
<!-- Generated by org.testng.reporters.JUnitReportReporter -->
<testsuite skipped="0" hostname="Umair" name="com.mystore.testcases.HomePageTest" tests="2" failures="0" timestamp="2022-01-02T16:19:31 PKT" time="44.765" errors="0">
  <testcase name="orderHistoryandDetailsTest" time="21.991" classname="com.mystore.testcases.HomePageTest"/>
  <system-out/>
  <testcase name="wishListTest" time="22.774" classname="com.mystore.testcases.HomePageTest"/>
  <system-out/>
</testsuite> <!-- com.mystore.testcases.HomePageTest -->
