<?xml version="1.0" encoding="UTF-8"?>
<!-- Generated by org.testng.reporters.JUnitReportReporter -->
<testsuite skipped="0" hostname="Hitendra-PC" name="com.mystore.testcases.OderPageTest" tests="1" failures="0" timestamp="2020-07-06T13:05:43 IST" time="29.514" errors="0">
  <testcase name="priceTest" time="29.514" classname="com.mystore.testcases.OderPageTest"/>
  <system-out/>
</testsuite> <!-- com.mystore.testcases.OderPageTest -->
