<?xml version="1.0" encoding="UTF-8"?>
<!-- Generated by org.testng.reporters.JUnitReportReporter -->
<testsuite skipped="0" hostname="Umair" name="com.mystore.testcases.SearchResultPageTest" tests="1" failures="0" timestamp="2022-01-02T16:19:31 PKT" time="19.840" errors="0">
  <testcase name="productAvailabilityTest" time="19.840" classname="com.mystore.testcases.SearchResultPageTest"/>
  <system-out/>
</testsuite> <!-- com.mystore.testcases.SearchResultPageTest -->
